<?xml version="1.0" encoding="UTF-8"?>
<!-- Generated by org.testng.reporters.JUnitXMLReporter -->
<testsuite hostname="DESKTOP-C724QH3" ignored="1" name="Registration" tests="2" failures="0" timestamp="2024-01-31T21:09:37 IST" time="157.923" errors="0">
  <testcase name="register" time="11.037" classname="xcite.shopping.registerUser"/>
  <testcase name="addProducts" time="48.052" classname="xcite.shopping.AddProducts"/>
  <testcase name="@BeforeSuite extentReport" time="0.0" classname="xcite.shopping.projectSpec">
    <ignored/>
  </testcase> <!-- @BeforeSuite extentReport -->
</testsuite> <!-- Registration -->
